<?xml version="1.0" encoding="UTF-8"?>
<!-- Generated by org.testng.reporters.JUnitReportReporter -->
<testsuite skipped="0" hostname="qa-akotkar" name="Zoopla" tests="1" failures="0" timestamp="2020-04-15T10:34:49 IST" time="46.774" errors="0">
  <testcase name="f" time="46.774" classname="Zoopla"/>
  <system-out/>
</testsuite> <!-- Zoopla -->
